<?xml version="1.0" encoding="UTF-8"?>
<!-- Generated by org.testng.reporters.JUnitReportReporter -->
<testsuite hostname="DESKTOP-FQVAP5U" failures="0" tests="1" name="Automation.Demo.AppTest" time="15.089" errors="0" timestamp="2021-09-23T06:37:08 IST" skipped="0">
  <testcase classname="Automation.Demo.AppTest" name="shouldAnswerWithTrue" time="15.089"/>
  <system-out/>
</testsuite> <!-- Automation.Demo.AppTest -->
