<?xml version="1.0" encoding="UTF-8"?>
<!-- Generated by org.testng.reporters.JUnitReportReporter -->
<testsuite hostname="DESKTOP-FQVAP5U" failures="0" tests="1" name="Automation.Demo.AppTest" time="13.502" errors="0" timestamp="2021-09-18T19:22:11 IST" skipped="0">
  <testcase classname="Automation.Demo.AppTest" name="shouldAnswerWithTrue" time="13.502"/>
  <system-out/>
</testsuite> <!-- Automation.Demo.AppTest -->
